LUKSDK_ASRDemo/android/app/build/intermediates/manifest_merge_blame_file/release/manifest-merger-blame-release-report.txt
1<?xml version="1.0" encoding="utf-8"?>
2<manifest xmlns:android="http://schemas.android.com/apk/res/android"
3    package="com.cftech.gamesdk.demo"
4    android:versionCode="1"
5    android:versionName="1.0" >
6
7    <uses-sdk
8        android:minSdkVersion="21"
8-->src/main/AndroidManifest.xml
9        android:targetSdkVersion="26" />
9-->src/main/AndroidManifest.xml
10
11    <uses-permission android:name="android.permission.READ_EXTERNAL_STORAGE" />
11-->[cfg_lib_v1.8.2.aar] AndroidManifest.xml:9:5-80
11-->[cfg_lib_v1.8.2.aar] AndroidManifest.xml:9:22-77
12    <uses-permission android:name="android.permission.WRITE_EXTERNAL_STORAGE" />
12-->[cfg_lib_v1.8.2.aar] AndroidManifest.xml:10:5-81
12-->[cfg_lib_v1.8.2.aar] AndroidManifest.xml:10:22-78
13    <uses-permission android:name="android.permission.INTERNET" />
13-->[cfg_lib_v1.8.2.aar] AndroidManifest.xml:11:5-67
13-->[cfg_lib_v1.8.2.aar] AndroidManifest.xml:11:22-64
14
15    <application
15-->src/main/AndroidManifest.xml:6:5-26:19
16        android:name="com.cftech.gamesdk.demo.BaseApplication"
16-->src/main/AndroidManifest.xml:7:9-63
17        android:allowBackup="true"
17-->src/main/AndroidManifest.xml:8:9-35
18        android:appComponentFactory="androidx.core.app.CoreComponentFactory"
18-->[androidx.core:core:1.5.0] AndroidManifest.xml:24:18-86
19        android:dataExtractionRules="@xml/data_extraction_rules"
19-->src/main/AndroidManifest.xml:9:9-65
20        android:fullBackupContent="@xml/backup_rules"
20-->src/main/AndroidManifest.xml:10:9-54
21        android:icon="@mipmap/ic_launcher"
21-->src/main/AndroidManifest.xml:11:9-43
22        android:label="@string/app_name"
22-->src/main/AndroidManifest.xml:12:9-41
23        android:roundIcon="@mipmap/ic_launcher_round"
23-->src/main/AndroidManifest.xml:13:9-54
24        android:supportsRtl="true"
24-->src/main/AndroidManifest.xml:14:9-35
25        android:theme="@style/Theme.CFGameSDKDemo" >
25-->src/main/AndroidManifest.xml:15:9-51
26        <activity
26-->src/main/AndroidManifest.xml:17:9-25:20
27            android:name="com.cftech.gamesdk.demo.MainActivity"
27-->src/main/AndroidManifest.xml:18:13-41
28            android:exported="true" >
28-->src/main/AndroidManifest.xml:19:13-36
29            <intent-filter>
29-->src/main/AndroidManifest.xml:20:13-24:29
30                <action android:name="android.intent.action.MAIN" />
30-->src/main/AndroidManifest.xml:21:17-69
30-->src/main/AndroidManifest.xml:21:25-66
31
32                <category android:name="android.intent.category.LAUNCHER" />
32-->src/main/AndroidManifest.xml:23:17-77
32-->src/main/AndroidManifest.xml:23:27-74
33            </intent-filter>
34        </activity>
35        <activity
35-->[cfg_lib_v1.8.2.aar] AndroidManifest.xml:15:9-17:75
36            android:name="com.cftech.gamelibrary.view.act.CFGameActivity"
36-->[cfg_lib_v1.8.2.aar] AndroidManifest.xml:16:13-74
37            android:theme="@android:style/Theme.Translucent.NoTitleBar" />
37-->[cfg_lib_v1.8.2.aar] AndroidManifest.xml:17:13-72
38    </application>
39
40</manifest>